<?xml version="1.0" encoding="UTF-8"?>
<testng-results ignored="0" total="2" passed="2" failed="0" skipped="0">
  <reporter-output>
  </reporter-output>
  <suite started-at="2024-09-11T15:27:40 IST" name="Default suite" finished-at="2024-09-11T15:28:08 IST" duration-ms="28434">
    <groups>
    </groups>
    <test started-at="2024-09-11T15:27:40 IST" name="Default test" finished-at="2024-09-11T15:28:08 IST" duration-ms="28434">
      <class name="javaPackage.FaceBookLogin">
        <test-method is-config="true" signature="setup()[pri:0, instance:javaPackage.FaceBookLogin@437da279]" started-at="2024-09-11T15:27:40 IST" name="setup" finished-at="2024-09-11T15:28:07 IST" duration-ms="26958" status="PASS">
          <reporter-output>
          </reporter-output>
        </test-method> <!-- setup -->
        <test-method signature="loginTest(java.lang.String,java.lang.String)[pri:0, instance:javaPackage.FaceBookLogin@437da279]" started-at="2024-09-11T15:28:07 IST" name="loginTest" data-provider="LoginData" finished-at="2024-09-11T15:28:08 IST" duration-ms="909" status="PASS">
          <params>
            <param index="0">
              <value>
                <![CDATA[preethis9008@gmail.com]]>
              </value>
            </param>
            <param index="1">
              <value>
                <![CDATA[Preethis@1]]>
              </value>
            </param>
          </params>
          <reporter-output>
          </reporter-output>
        </test-method> <!-- loginTest -->
        <test-method signature="tearDown()[pri:0, instance:javaPackage.FaceBookLogin@437da279]" started-at="2024-09-11T15:28:08 IST" name="tearDown" finished-at="2024-09-11T15:28:08 IST" duration-ms="496" status="PASS">
          <reporter-output>
          </reporter-output>
        </test-method> <!-- tearDown -->
      </class> <!-- javaPackage.FaceBookLogin -->
    </test> <!-- Default test -->
  </suite> <!-- Default suite -->
</testng-results>
