<?xml version="1.0" encoding="UTF-8"?>
<!-- Generated by org.testng.reporters.JUnitReportReporter -->
<testsuite hostname="LAPTOP-UC8VD6T3" failures="0" tests="2" name="javaPackage.FaceBookLogin" time="1.405" errors="0" timestamp="2024-09-11T15:28:08 IST" skipped="0">
  <testcase classname="javaPackage.FaceBookLogin" name="loginTest" time="0.909"/>
  <system-out/>
  <testcase classname="javaPackage.FaceBookLogin" name="tearDown" time="0.496"/>
  <system-out/>
</testsuite> <!-- javaPackage.FaceBookLogin -->
